test-instrumentation-logging: commands_pre[0]> pip install 'opentelemetry-api@git+https://github.com/open-telemetry/opentelemetry-python.git@main#egg=opentelemetry-api&subdirectory=opentelemetry-api'
Collecting opentelemetry-api@ git+https://github.com/open-telemetry/opentelemetry-python.git@main#egg=opentelemetry-api&subdirectory=opentelemetry-api
  Cloning https://github.com/open-telemetry/opentelemetry-python.git (to revision main) to /tmp/pip-install-1knewf_o/opentelemetry-api_282d8d799fb24ab896e904b085f29109
  Resolved https://github.com/open-telemetry/opentelemetry-python.git to commit 634c9f4095166a410350ecc73975b6e6fb360cd4
  Installing build dependencies: started
  Installing build dependencies: finished with status 'done'
  Getting requirements to build wheel: started
  Getting requirements to build wheel: finished with status 'done'
  Preparing metadata (pyproject.toml): started
  Preparing metadata (pyproject.toml): finished with status 'done'
Requirement already satisfied: deprecated>=1.2.6 in ./.tox/test-instrumentation-logging/lib/python3.10/site-packages (from opentelemetry-api@ git+https://github.com/open-telemetry/opentelemetry-python.git@main#egg=opentelemetry-api&subdirectory=opentelemetry-api) (1.2.14)
Requirement already satisfied: importlib-metadata<=7.1,>=6.0 in ./.tox/test-instrumentation-logging/lib/python3.10/site-packages (from opentelemetry-api@ git+https://github.com/open-telemetry/opentelemetry-python.git@main#egg=opentelemetry-api&subdirectory=opentelemetry-api) (6.11.0)
Requirement already satisfied: wrapt<2,>=1.10 in ./.tox/test-instrumentation-logging/lib/python3.10/site-packages (from deprecated>=1.2.6->opentelemetry-api@ git+https://github.com/open-telemetry/opentelemetry-python.git@main#egg=opentelemetry-api&subdirectory=opentelemetry-api) (1.16.0)
Requirement already satisfied: zipp>=0.5 in ./.tox/test-instrumentation-logging/lib/python3.10/site-packages (from importlib-metadata<=7.1,>=6.0->opentelemetry-api@ git+https://github.com/open-telemetry/opentelemetry-python.git@main#egg=opentelemetry-api&subdirectory=opentelemetry-api) (3.17.0)
test-instrumentation-logging: commands_pre[1]> pip install 'opentelemetry-semantic-conventions@git+https://github.com/open-telemetry/opentelemetry-python.git@main#egg=opentelemetry-semantic-conventions&subdirectory=opentelemetry-semantic-conventions'
Collecting opentelemetry-semantic-conventions@ git+https://github.com/open-telemetry/opentelemetry-python.git@main#egg=opentelemetry-semantic-conventions&subdirectory=opentelemetry-semantic-conventions
  Cloning https://github.com/open-telemetry/opentelemetry-python.git (to revision main) to /tmp/pip-install-cvfubdbv/opentelemetry-semantic-conventions_7e56a1d44143473d9348c6b1f84e3046
  Resolved https://github.com/open-telemetry/opentelemetry-python.git to commit 634c9f4095166a410350ecc73975b6e6fb360cd4
  Installing build dependencies: started
  Installing build dependencies: finished with status 'done'
  Getting requirements to build wheel: started
  Getting requirements to build wheel: finished with status 'done'
  Preparing metadata (pyproject.toml): started
  Preparing metadata (pyproject.toml): finished with status 'done'
test-instrumentation-logging: commands_pre[2]> pip install 'opentelemetry-sdk@git+https://github.com/open-telemetry/opentelemetry-python.git@main#egg=opentelemetry-sdk&subdirectory=opentelemetry-sdk'
Collecting opentelemetry-sdk@ git+https://github.com/open-telemetry/opentelemetry-python.git@main#egg=opentelemetry-sdk&subdirectory=opentelemetry-sdk
  Cloning https://github.com/open-telemetry/opentelemetry-python.git (to revision main) to /tmp/pip-install-lk1c77a2/opentelemetry-sdk_9c8115670b894894a9c0ecb14b38aaf8
  Resolved https://github.com/open-telemetry/opentelemetry-python.git to commit 634c9f4095166a410350ecc73975b6e6fb360cd4
  Installing build dependencies: started
  Installing build dependencies: finished with status 'done'
  Getting requirements to build wheel: started
  Getting requirements to build wheel: finished with status 'done'
  Preparing metadata (pyproject.toml): started
  Preparing metadata (pyproject.toml): finished with status 'done'
Requirement already satisfied: opentelemetry-api==1.25.0.dev in ./.tox/test-instrumentation-logging/lib/python3.10/site-packages (from opentelemetry-sdk@ git+https://github.com/open-telemetry/opentelemetry-python.git@main#egg=opentelemetry-sdk&subdirectory=opentelemetry-sdk) (1.25.0.dev0)
Requirement already satisfied: opentelemetry-semantic-conventions==0.46b0.dev in ./.tox/test-instrumentation-logging/lib/python3.10/site-packages (from opentelemetry-sdk@ git+https://github.com/open-telemetry/opentelemetry-python.git@main#egg=opentelemetry-sdk&subdirectory=opentelemetry-sdk) (0.46b0.dev0)
Requirement already satisfied: typing-extensions>=3.7.4 in ./.tox/test-instrumentation-logging/lib/python3.10/site-packages (from opentelemetry-sdk@ git+https://github.com/open-telemetry/opentelemetry-python.git@main#egg=opentelemetry-sdk&subdirectory=opentelemetry-sdk) (4.9.0)
Requirement already satisfied: deprecated>=1.2.6 in ./.tox/test-instrumentation-logging/lib/python3.10/site-packages (from opentelemetry-api==1.25.0.dev->opentelemetry-sdk@ git+https://github.com/open-telemetry/opentelemetry-python.git@main#egg=opentelemetry-sdk&subdirectory=opentelemetry-sdk) (1.2.14)
Requirement already satisfied: importlib-metadata<=7.0,>=6.0 in ./.tox/test-instrumentation-logging/lib/python3.10/site-packages (from opentelemetry-api==1.25.0.dev->opentelemetry-sdk@ git+https://github.com/open-telemetry/opentelemetry-python.git@main#egg=opentelemetry-sdk&subdirectory=opentelemetry-sdk) (6.11.0)
Requirement already satisfied: wrapt<2,>=1.10 in ./.tox/test-instrumentation-logging/lib/python3.10/site-packages (from deprecated>=1.2.6->opentelemetry-api==1.25.0.dev->opentelemetry-sdk@ git+https://github.com/open-telemetry/opentelemetry-python.git@main#egg=opentelemetry-sdk&subdirectory=opentelemetry-sdk) (1.16.0)
Requirement already satisfied: zipp>=0.5 in ./.tox/test-instrumentation-logging/lib/python3.10/site-packages (from importlib-metadata<=7.0,>=6.0->opentelemetry-api==1.25.0.dev->opentelemetry-sdk@ git+https://github.com/open-telemetry/opentelemetry-python.git@main#egg=opentelemetry-sdk&subdirectory=opentelemetry-sdk) (3.17.0)
test-instrumentation-logging: commands_pre[3]> pip install 'opentelemetry-test-utils@git+https://github.com/open-telemetry/opentelemetry-python.git@main#egg=opentelemetry-test-utils&subdirectory=tests/opentelemetry-test-utils'
Collecting opentelemetry-test-utils@ git+https://github.com/open-telemetry/opentelemetry-python.git@main#egg=opentelemetry-test-utils&subdirectory=tests/opentelemetry-test-utils
  Cloning https://github.com/open-telemetry/opentelemetry-python.git (to revision main) to /tmp/pip-install-jjc0xm3t/opentelemetry-test-utils_b7d3f4b0c60a4857a3f5b4a8c2d32b34
  Resolved https://github.com/open-telemetry/opentelemetry-python.git to commit 634c9f4095166a410350ecc73975b6e6fb360cd4
  Installing build dependencies: started
  Installing build dependencies: finished with status 'done'
  Getting requirements to build wheel: started
  Getting requirements to build wheel: finished with status 'done'
  Preparing metadata (pyproject.toml): started
  Preparing metadata (pyproject.toml): finished with status 'done'
Requirement already satisfied: asgiref~=3.0 in ./.tox/test-instrumentation-logging/lib/python3.10/site-packages (from opentelemetry-test-utils@ git+https://github.com/open-telemetry/opentelemetry-python.git@main#egg=opentelemetry-test-utils&subdirectory=tests/opentelemetry-test-utils) (3.7.2)
Requirement already satisfied: opentelemetry-api==1.25.0.dev in ./.tox/test-instrumentation-logging/lib/python3.10/site-packages (from opentelemetry-test-utils@ git+https://github.com/open-telemetry/opentelemetry-python.git@main#egg=opentelemetry-test-utils&subdirectory=tests/opentelemetry-test-utils) (1.25.0.dev0)
Requirement already satisfied: opentelemetry-sdk==1.25.0.dev in ./.tox/test-instrumentation-logging/lib/python3.10/site-packages (from opentelemetry-test-utils@ git+https://github.com/open-telemetry/opentelemetry-python.git@main#egg=opentelemetry-test-utils&subdirectory=tests/opentelemetry-test-utils) (1.25.0.dev0)
Requirement already satisfied: deprecated>=1.2.6 in ./.tox/test-instrumentation-logging/lib/python3.10/site-packages (from opentelemetry-api==1.25.0.dev->opentelemetry-test-utils@ git+https://github.com/open-telemetry/opentelemetry-python.git@main#egg=opentelemetry-test-utils&subdirectory=tests/opentelemetry-test-utils) (1.2.14)
Requirement already satisfied: importlib-metadata<=7.0,>=6.0 in ./.tox/test-instrumentation-logging/lib/python3.10/site-packages (from opentelemetry-api==1.25.0.dev->opentelemetry-test-utils@ git+https://github.com/open-telemetry/opentelemetry-python.git@main#egg=opentelemetry-test-utils&subdirectory=tests/opentelemetry-test-utils) (6.11.0)
Requirement already satisfied: opentelemetry-semantic-conventions==0.46b0.dev in ./.tox/test-instrumentation-logging/lib/python3.10/site-packages (from opentelemetry-sdk==1.25.0.dev->opentelemetry-test-utils@ git+https://github.com/open-telemetry/opentelemetry-python.git@main#egg=opentelemetry-test-utils&subdirectory=tests/opentelemetry-test-utils) (0.46b0.dev0)
Requirement already satisfied: typing-extensions>=3.7.4 in ./.tox/test-instrumentation-logging/lib/python3.10/site-packages (from opentelemetry-sdk==1.25.0.dev->opentelemetry-test-utils@ git+https://github.com/open-telemetry/opentelemetry-python.git@main#egg=opentelemetry-test-utils&subdirectory=tests/opentelemetry-test-utils) (4.9.0)
Requirement already satisfied: wrapt<2,>=1.10 in ./.tox/test-instrumentation-logging/lib/python3.10/site-packages (from deprecated>=1.2.6->opentelemetry-api==1.25.0.dev->opentelemetry-test-utils@ git+https://github.com/open-telemetry/opentelemetry-python.git@main#egg=opentelemetry-test-utils&subdirectory=tests/opentelemetry-test-utils) (1.16.0)
Requirement already satisfied: zipp>=0.5 in ./.tox/test-instrumentation-logging/lib/python3.10/site-packages (from importlib-metadata<=7.0,>=6.0->opentelemetry-api==1.25.0.dev->opentelemetry-test-utils@ git+https://github.com/open-telemetry/opentelemetry-python.git@main#egg=opentelemetry-test-utils&subdirectory=tests/opentelemetry-test-utils) (3.17.0)
test-instrumentation-logging: commands_pre[4]> pip install /mnt/c/Users/migca/OneDrive/Documents/Purdue_Files/ECE_595_SWE/project/opentelemetry-python-contrib/opentelemetry-instrumentation
Processing ./opentelemetry-instrumentation
  Installing build dependencies: started
  Installing build dependencies: finished with status 'done'
  Getting requirements to build wheel: started
  Getting requirements to build wheel: finished with status 'done'
  Preparing metadata (pyproject.toml): started
  Preparing metadata (pyproject.toml): finished with status 'done'
Requirement already satisfied: opentelemetry-api~=1.4 in ./.tox/test-instrumentation-logging/lib/python3.10/site-packages (from opentelemetry-instrumentation==0.45b0.dev0) (1.25.0.dev0)
Requirement already satisfied: setuptools>=16.0 in ./.tox/test-instrumentation-logging/lib/python3.10/site-packages (from opentelemetry-instrumentation==0.45b0.dev0) (69.1.1)
Requirement already satisfied: wrapt<2.0.0,>=1.0.0 in ./.tox/test-instrumentation-logging/lib/python3.10/site-packages (from opentelemetry-instrumentation==0.45b0.dev0) (1.16.0)
Requirement already satisfied: deprecated>=1.2.6 in ./.tox/test-instrumentation-logging/lib/python3.10/site-packages (from opentelemetry-api~=1.4->opentelemetry-instrumentation==0.45b0.dev0) (1.2.14)
Requirement already satisfied: importlib-metadata<=7.0,>=6.0 in ./.tox/test-instrumentation-logging/lib/python3.10/site-packages (from opentelemetry-api~=1.4->opentelemetry-instrumentation==0.45b0.dev0) (6.11.0)
Requirement already satisfied: zipp>=0.5 in ./.tox/test-instrumentation-logging/lib/python3.10/site-packages (from importlib-metadata<=7.0,>=6.0->opentelemetry-api~=1.4->opentelemetry-instrumentation==0.45b0.dev0) (3.17.0)
Building wheels for collected packages: opentelemetry-instrumentation
  Building wheel for opentelemetry-instrumentation (pyproject.toml): started
  Building wheel for opentelemetry-instrumentation (pyproject.toml): finished with status 'done'
  Created wheel for opentelemetry-instrumentation: filename=opentelemetry_instrumentation-0.45b0.dev0-py3-none-any.whl size=28475 sha256=9ba0c4bbb5acb27d366f629b255b37c78443be9e8cc7930d86aad9740e6103e7
  Stored in directory: /home/mcastilh/.cache/pip/wheels/53/1e/17/449f4361c03c07bdeee2403350a3749480b9e78fb831ca633a
Successfully built opentelemetry-instrumentation
Installing collected packages: opentelemetry-instrumentation
  Attempting uninstall: opentelemetry-instrumentation
    Found existing installation: opentelemetry-instrumentation 0.45b0.dev0
    Uninstalling opentelemetry-instrumentation-0.45b0.dev0:
      Successfully uninstalled opentelemetry-instrumentation-0.45b0.dev0
Successfully installed opentelemetry-instrumentation-0.45b0.dev0
test-instrumentation-logging: commands_pre[5]> pip install -r /mnt/c/Users/migca/OneDrive/Documents/Purdue_Files/ECE_595_SWE/project/opentelemetry-python-contrib/instrumentation/opentelemetry-instrumentation-logging/test-requirements.txt
Obtaining file:///mnt/c/Users/migca/OneDrive/Documents/Purdue_Files/ECE_595_SWE/project/opentelemetry-python-contrib/opentelemetry-instrumentation (from -r /mnt/c/Users/migca/OneDrive/Documents/Purdue_Files/ECE_595_SWE/project/opentelemetry-python-contrib/instrumentation/opentelemetry-instrumentation-logging/test-requirements.txt (line 18))
  Installing build dependencies: started
  Installing build dependencies: finished with status 'done'
  Checking if build backend supports build_editable: started
  Checking if build backend supports build_editable: finished with status 'done'
  Getting requirements to build editable: started
  Getting requirements to build editable: finished with status 'done'
  Installing backend dependencies: started
  Installing backend dependencies: finished with status 'done'
  Preparing editable metadata (pyproject.toml): started
  Preparing editable metadata (pyproject.toml): finished with status 'done'
Obtaining file:///mnt/c/Users/migca/OneDrive/Documents/Purdue_Files/ECE_595_SWE/project/opentelemetry-python-contrib/instrumentation/opentelemetry-instrumentation-logging (from -r /mnt/c/Users/migca/OneDrive/Documents/Purdue_Files/ECE_595_SWE/project/opentelemetry-python-contrib/instrumentation/opentelemetry-instrumentation-logging/test-requirements.txt (line 19))
  Installing build dependencies: started
  Installing build dependencies: finished with status 'done'
  Checking if build backend supports build_editable: started
  Checking if build backend supports build_editable: finished with status 'done'
  Getting requirements to build editable: started
  Getting requirements to build editable: finished with status 'done'
  Installing backend dependencies: started
  Installing backend dependencies: finished with status 'done'
  Preparing editable metadata (pyproject.toml): started
  Preparing editable metadata (pyproject.toml): finished with status 'done'
Requirement already satisfied: asgiref==3.7.2 in ./.tox/test-instrumentation-logging/lib/python3.10/site-packages (from -r /mnt/c/Users/migca/OneDrive/Documents/Purdue_Files/ECE_595_SWE/project/opentelemetry-python-contrib/instrumentation/opentelemetry-instrumentation-logging/test-requirements.txt (line 1)) (3.7.2)
Requirement already satisfied: attrs==23.2.0 in ./.tox/test-instrumentation-logging/lib/python3.10/site-packages (from -r /mnt/c/Users/migca/OneDrive/Documents/Purdue_Files/ECE_595_SWE/project/opentelemetry-python-contrib/instrumentation/opentelemetry-instrumentation-logging/test-requirements.txt (line 2)) (23.2.0)
Requirement already satisfied: Deprecated==1.2.14 in ./.tox/test-instrumentation-logging/lib/python3.10/site-packages (from -r /mnt/c/Users/migca/OneDrive/Documents/Purdue_Files/ECE_595_SWE/project/opentelemetry-python-contrib/instrumentation/opentelemetry-instrumentation-logging/test-requirements.txt (line 3)) (1.2.14)
Requirement already satisfied: importlib-metadata==6.11.0 in ./.tox/test-instrumentation-logging/lib/python3.10/site-packages (from -r /mnt/c/Users/migca/OneDrive/Documents/Purdue_Files/ECE_595_SWE/project/opentelemetry-python-contrib/instrumentation/opentelemetry-instrumentation-logging/test-requirements.txt (line 4)) (6.11.0)
Requirement already satisfied: iniconfig==2.0.0 in ./.tox/test-instrumentation-logging/lib/python3.10/site-packages (from -r /mnt/c/Users/migca/OneDrive/Documents/Purdue_Files/ECE_595_SWE/project/opentelemetry-python-contrib/instrumentation/opentelemetry-instrumentation-logging/test-requirements.txt (line 5)) (2.0.0)
Requirement already satisfied: packaging==23.2 in ./.tox/test-instrumentation-logging/lib/python3.10/site-packages (from -r /mnt/c/Users/migca/OneDrive/Documents/Purdue_Files/ECE_595_SWE/project/opentelemetry-python-contrib/instrumentation/opentelemetry-instrumentation-logging/test-requirements.txt (line 6)) (23.2)
Requirement already satisfied: pluggy==1.4.0 in ./.tox/test-instrumentation-logging/lib/python3.10/site-packages (from -r /mnt/c/Users/migca/OneDrive/Documents/Purdue_Files/ECE_595_SWE/project/opentelemetry-python-contrib/instrumentation/opentelemetry-instrumentation-logging/test-requirements.txt (line 7)) (1.4.0)
Requirement already satisfied: py==1.11.0 in ./.tox/test-instrumentation-logging/lib/python3.10/site-packages (from -r /mnt/c/Users/migca/OneDrive/Documents/Purdue_Files/ECE_595_SWE/project/opentelemetry-python-contrib/instrumentation/opentelemetry-instrumentation-logging/test-requirements.txt (line 8)) (1.11.0)
Requirement already satisfied: py-cpuinfo==9.0.0 in ./.tox/test-instrumentation-logging/lib/python3.10/site-packages (from -r /mnt/c/Users/migca/OneDrive/Documents/Purdue_Files/ECE_595_SWE/project/opentelemetry-python-contrib/instrumentation/opentelemetry-instrumentation-logging/test-requirements.txt (line 9)) (9.0.0)
Requirement already satisfied: pytest==7.1.3 in ./.tox/test-instrumentation-logging/lib/python3.10/site-packages (from -r /mnt/c/Users/migca/OneDrive/Documents/Purdue_Files/ECE_595_SWE/project/opentelemetry-python-contrib/instrumentation/opentelemetry-instrumentation-logging/test-requirements.txt (line 10)) (7.1.3)
Requirement already satisfied: pytest-benchmark==4.0.0 in ./.tox/test-instrumentation-logging/lib/python3.10/site-packages (from -r /mnt/c/Users/migca/OneDrive/Documents/Purdue_Files/ECE_595_SWE/project/opentelemetry-python-contrib/instrumentation/opentelemetry-instrumentation-logging/test-requirements.txt (line 11)) (4.0.0)
Requirement already satisfied: tomli==2.0.1 in ./.tox/test-instrumentation-logging/lib/python3.10/site-packages (from -r /mnt/c/Users/migca/OneDrive/Documents/Purdue_Files/ECE_595_SWE/project/opentelemetry-python-contrib/instrumentation/opentelemetry-instrumentation-logging/test-requirements.txt (line 12)) (2.0.1)
Requirement already satisfied: typing_extensions==4.9.0 in ./.tox/test-instrumentation-logging/lib/python3.10/site-packages (from -r /mnt/c/Users/migca/OneDrive/Documents/Purdue_Files/ECE_595_SWE/project/opentelemetry-python-contrib/instrumentation/opentelemetry-instrumentation-logging/test-requirements.txt (line 13)) (4.9.0)
Requirement already satisfied: wrapt==1.16.0 in ./.tox/test-instrumentation-logging/lib/python3.10/site-packages (from -r /mnt/c/Users/migca/OneDrive/Documents/Purdue_Files/ECE_595_SWE/project/opentelemetry-python-contrib/instrumentation/opentelemetry-instrumentation-logging/test-requirements.txt (line 14)) (1.16.0)
Requirement already satisfied: zipp==3.17.0 in ./.tox/test-instrumentation-logging/lib/python3.10/site-packages (from -r /mnt/c/Users/migca/OneDrive/Documents/Purdue_Files/ECE_595_SWE/project/opentelemetry-python-contrib/instrumentation/opentelemetry-instrumentation-logging/test-requirements.txt (line 15)) (3.17.0)
Requirement already satisfied: structlog==24.1.0 in ./.tox/test-instrumentation-logging/lib/python3.10/site-packages (from -r /mnt/c/Users/migca/OneDrive/Documents/Purdue_Files/ECE_595_SWE/project/opentelemetry-python-contrib/instrumentation/opentelemetry-instrumentation-logging/test-requirements.txt (line 16)) (24.1.0)
Requirement already satisfied: loguru==0.7.2 in ./.tox/test-instrumentation-logging/lib/python3.10/site-packages (from -r /mnt/c/Users/migca/OneDrive/Documents/Purdue_Files/ECE_595_SWE/project/opentelemetry-python-contrib/instrumentation/opentelemetry-instrumentation-logging/test-requirements.txt (line 17)) (0.7.2)
Requirement already satisfied: opentelemetry-api~=1.4 in ./.tox/test-instrumentation-logging/lib/python3.10/site-packages (from opentelemetry-instrumentation==0.45b0.dev0->-r /mnt/c/Users/migca/OneDrive/Documents/Purdue_Files/ECE_595_SWE/project/opentelemetry-python-contrib/instrumentation/opentelemetry-instrumentation-logging/test-requirements.txt (line 18)) (1.25.0.dev0)
Requirement already satisfied: setuptools>=16.0 in ./.tox/test-instrumentation-logging/lib/python3.10/site-packages (from opentelemetry-instrumentation==0.45b0.dev0->-r /mnt/c/Users/migca/OneDrive/Documents/Purdue_Files/ECE_595_SWE/project/opentelemetry-python-contrib/instrumentation/opentelemetry-instrumentation-logging/test-requirements.txt (line 18)) (69.1.1)
Building wheels for collected packages: opentelemetry-instrumentation, opentelemetry-instrumentation-logging
  Building editable for opentelemetry-instrumentation (pyproject.toml): started
  Building editable for opentelemetry-instrumentation (pyproject.toml): finished with status 'done'
  Created wheel for opentelemetry-instrumentation: filename=opentelemetry_instrumentation-0.45b0.dev0-py3-none-any.whl size=7991 sha256=97b3a648568fd6f2e0e9f7b24eb07089b4abcb7e4fef063a4490ec8c7bc7bd79
  Stored in directory: /tmp/pip-ephem-wheel-cache-u7iyg0ou/wheels/53/1e/17/449f4361c03c07bdeee2403350a3749480b9e78fb831ca633a
  Building editable for opentelemetry-instrumentation-logging (pyproject.toml): started
  Building editable for opentelemetry-instrumentation-logging (pyproject.toml): finished with status 'done'
  Created wheel for opentelemetry-instrumentation-logging: filename=opentelemetry_instrumentation_logging-0.45b0.dev0-py3-none-any.whl size=6424 sha256=19f0ee6f119b532ac641035008cfdd1d313741dce3d8f9923ea9d4440fdbd9e0
  Stored in directory: /tmp/pip-ephem-wheel-cache-u7iyg0ou/wheels/88/de/f3/36847e89208d714c671b6408e927acddfcb3b5f0c8ef00f1d7
Successfully built opentelemetry-instrumentation opentelemetry-instrumentation-logging
Installing collected packages: opentelemetry-instrumentation, opentelemetry-instrumentation-logging
  Attempting uninstall: opentelemetry-instrumentation
    Found existing installation: opentelemetry-instrumentation 0.45b0.dev0
    Uninstalling opentelemetry-instrumentation-0.45b0.dev0:
      Successfully uninstalled opentelemetry-instrumentation-0.45b0.dev0
  Attempting uninstall: opentelemetry-instrumentation-logging
    Found existing installation: opentelemetry-instrumentation-logging 0.45b0.dev0
    Uninstalling opentelemetry-instrumentation-logging-0.45b0.dev0:
      Successfully uninstalled opentelemetry-instrumentation-logging-0.45b0.dev0
Successfully installed opentelemetry-instrumentation-0.45b0.dev0 opentelemetry-instrumentation-logging-0.45b0.dev0
test-instrumentation-logging: commands[0]> pytest /mnt/c/Users/migca/OneDrive/Documents/Purdue_Files/ECE_595_SWE/project/opentelemetry-python-contrib/instrumentation/opentelemetry-instrumentation-logging/tests
============================= test session starts ==============================
platform linux -- Python 3.10.12, pytest-7.1.3, pluggy-1.4.0 -- /mnt/c/Users/migca/OneDrive/Documents/Purdue_Files/ECE_595_SWE/project/opentelemetry-python-contrib/.tox/test-instrumentation-logging/bin/python
cachedir: .tox/test-instrumentation-logging/.pytest_cache
benchmark: 4.0.0 (defaults: timer=time.perf_counter disable_gc=False min_rounds=5 min_time=0.000005 max_time=1.0 calibration_precision=10 warmup=False warmup_iterations=100000)
rootdir: /mnt/c/Users/migca/OneDrive/Documents/Purdue_Files/ECE_595_SWE/project/opentelemetry-python-contrib, configfile: pytest.ini
plugins: benchmark-4.0.0
collecting ... collected 17 items

instrumentation/opentelemetry-instrumentation-logging/tests/test_logging.py::TestLoggingInstrumentorProxyTracerProvider::test_trace_context_injection PASSED [  5%]
instrumentation/opentelemetry-instrumentation-logging/tests/test_logging.py::TestLoggingInstrumentor::test_basic_config_called PASSED [ 11%]
instrumentation/opentelemetry-instrumentation-logging/tests/test_logging.py::TestLoggingInstrumentor::test_custom_format_and_level_api PASSED [ 17%]
instrumentation/opentelemetry-instrumentation-logging/tests/test_logging.py::TestLoggingInstrumentor::test_custom_format_and_level_env PASSED [ 23%]
instrumentation/opentelemetry-instrumentation-logging/tests/test_logging.py::TestLoggingInstrumentor::test_log_hook PASSED [ 29%]
instrumentation/opentelemetry-instrumentation-logging/tests/test_logging.py::TestLoggingInstrumentor::test_trace_context_injection PASSED [ 35%]
instrumentation/opentelemetry-instrumentation-logging/tests/test_logging.py::TestLoggingInstrumentor::test_trace_context_injection_without_span PASSED [ 41%]
instrumentation/opentelemetry-instrumentation-logging/tests/test_logging.py::TestLoggingInstrumentor::test_uninstrumented 
-------------------------------- live log call ---------------------------------
WARNING  opentelemetry.instrumentation.instrumentor:instrumentor.py:132 Attempting to uninstrument while already uninstrumented
PASSED                                                                   [ 47%]
instrumentation/opentelemetry-instrumentation-logging/tests/test_logging.py::TestStructlogHandler::test_call_method_processes_log_correctly PASSED [ 52%]
instrumentation/opentelemetry-instrumentation-logging/tests/test_logging.py::TestStructlogHandler::test_initialization PASSED [ 58%]
instrumentation/opentelemetry-instrumentation-logging/tests/test_logging.py::TestStructlogHandler::test_parse_exception PASSED [ 64%]
instrumentation/opentelemetry-instrumentation-logging/tests/test_logging.py::TestStructlogHandler::test_parse_timestamp PASSED [ 70%]
instrumentation/opentelemetry-instrumentation-logging/tests/test_logging.py::TestStructlogHandler::test_post_process_formats_timestamp PASSED [ 76%]
instrumentation/opentelemetry-instrumentation-logging/tests/test_logging.py::TestStructlogHandler::test_pre_process_adds_timestamp PASSED [ 82%]
instrumentation/opentelemetry-instrumentation-logging/tests/test_logging.py::TestLoguruHandler::test_attributes_extraction_without_exception FAILED [ 88%]
instrumentation/opentelemetry-instrumentation-logging/tests/test_logging.py::TestLoguruHandler::test_initialization_with_custom_provider PASSED [ 94%]
instrumentation/opentelemetry-instrumentation-logging/tests/test_logging.py::TestLoguruHandler::test_initialization_with_default_provider PASSED [100%]

=================================== FAILURES ===================================
________ TestLoguruHandler.test_attributes_extraction_without_exception ________

self = <tests.test_logging.TestLoguruHandler testMethod=test_attributes_extraction_without_exception>

    def test_attributes_extraction_without_exception(self):
        attrs = LoguruHandler._get_attributes(self.record)
        expected_attrs = {
            SpanAttributes.CODE_FILEPATH: 'test_file.py',
            SpanAttributes.CODE_FUNCTION: 'test_function',
            SpanAttributes.CODE_LINENO: 123
        }
        print("Get attributes: ", attrs)
    
>       self.assertEqual(attrs, expected_attrs)
E       AssertionError: {'time': 1581000000.000123, 'level': <Magic[234 chars] 123} != {'code.filepath': 'test_file.py', 'code.fun[39 chars] 123}
E         {'code.filepath': 'test_file.py',
E          'code.function': 'test_function',
E       -  'code.lineno': 123,
E       ?                    ^
E       
E       +  'code.lineno': 123}
E       ?                    ^
E       
E       -  'exception': None,
E       -  'file': 'test_file.py',
E       -  'function': 'test_function',
E       -  'level': <MagicMock name='ERROR' id='140719367451072'>,
E       -  'line': 123,
E       -  'message': 'Test message',
E       -  'time': 1581000000.000123}

instrumentation/opentelemetry-instrumentation-logging/tests/test_logging.py:348: AssertionError
----------------------------- Captured stdout call -----------------------------
Get attributes:  {'time': 1581000000.000123, 'level': <MagicMock name='ERROR' id='140719367451072'>, 'message': 'Test message', 'file': 'test_file.py', 'function': 'test_function', 'line': 123, 'exception': None, 'code.filepath': 'test_file.py', 'code.function': 'test_function', 'code.lineno': 123}
=============================== warnings summary ===============================
opentelemetry-instrumentation/src/opentelemetry/instrumentation/dependencies.py:4
  /mnt/c/Users/migca/OneDrive/Documents/Purdue_Files/ECE_595_SWE/project/opentelemetry-python-contrib/opentelemetry-instrumentation/src/opentelemetry/instrumentation/dependencies.py:4: DeprecationWarning: pkg_resources is deprecated as an API. See https://setuptools.pypa.io/en/latest/pkg_resources.html
    from pkg_resources import (

-- Docs: https://docs.pytest.org/en/stable/how-to/capture-warnings.html
=================== 1 failed, 16 passed, 1 warning in 17.81s ===================
test-instrumentation-logging: exit 1 (51.41 seconds) /mnt/c/Users/migca/OneDrive/Documents/Purdue_Files/ECE_595_SWE/project/opentelemetry-python-contrib> pytest /mnt/c/Users/migca/OneDrive/Documents/Purdue_Files/ECE_595_SWE/project/opentelemetry-python-contrib/instrumentation/opentelemetry-instrumentation-logging/tests pid=209543
  test-instrumentation-logging: FAIL code 1 (534.73=setup[0.34]+cmd[60.77,59.86,52.61,56.45,72.26,181.03,51.41] seconds)
  evaluation failed :( (534.91 seconds)
